[preview.erilisdesign.com/html/lana/text-boxed-section-image-background.html]
[backblue.gif]
[fade.gif]
[index.html]
[preview.erilisdesign.com/html/lana/assets/vendor/fullPage.js/dist/jquery.fullpage.min.css]
[preview.erilisdesign.com/html/lana/assets/vendor/slick/slick.min.css]
[preview.erilisdesign.com/html/lana/assets/vendor/vegas/vegas.min.css]
[preview.erilisdesign.com/html/lana/assets/vendor/magnific-popup/dist/magnific-popup.min.css]
[preview.erilisdesign.com/html/lana/assets/vendor/animate.css/animate.min.css]
[preview.erilisdesign.com/html/lana/assets/vendor/font-awesome/css/all.min.css]
[preview.erilisdesign.com/html/lana/assets/vendor/themify-icons/css/themify-icons.css]
[preview.erilisdesign.com/html/lana/assets/css/theme.css]
[preview.erilisdesign.com/html/lana/assets/images/logo.png]
[preview.erilisdesign.com/html/lana/assets/images/image-10.jpg]
[preview.erilisdesign.com/html/lana/assets/images/image-7.jpg]
[preview.erilisdesign.com/html/lana/assets/images/image-2.jpg]
[preview.erilisdesign.com/html/lana/assets/images/image-3.jpg]
[preview.erilisdesign.com/html/lana/assets/images/image-13.jpg]
[preview.erilisdesign.com/html/lana/assets/images/portfolio/project-6.jpg]
[preview.erilisdesign.com/html/lana/assets/images/portfolio/project-6-min.jpg]
[preview.erilisdesign.com/html/lana/assets/images/portfolio/project-1.jpg]
[preview.erilisdesign.com/html/lana/assets/images/portfolio/project-1-min.jpg]
[preview.erilisdesign.com/html/lana/assets/images/portfolio/project-2.jpg]
[preview.erilisdesign.com/html/lana/assets/images/portfolio/project-2-min.jpg]
[preview.erilisdesign.com/html/lana/assets/images/portfolio/project-3.jpg]
[preview.erilisdesign.com/html/lana/assets/images/portfolio/project-3-min.jpg]
[preview.erilisdesign.com/html/lana/assets/images/portfolio/project-4.jpg]
[preview.erilisdesign.com/html/lana/assets/images/portfolio/project-4-min.jpg]
[preview.erilisdesign.com/html/lana/assets/images/image-14.jpg]
[preview.erilisdesign.com/html/lana/assets/images/image-12.jpg]
[preview.erilisdesign.com/html/lana/assets/vendor/jquery/dist/jquery.min.js]
[preview.erilisdesign.com/html/lana/assets/vendor/popper.js/dist/popper.min.js]
[preview.erilisdesign.com/html/lana/assets/vendor/bootstrap/dist/js/bootstrap.min.js]
[preview.erilisdesign.com/html/lana/assets/vendor/fullPage.js/dist/scrolloverflow.min.js]
[preview.erilisdesign.com/html/lana/assets/vendor/fullPage.js/dist/jquery.fullpage.min.js]
[preview.erilisdesign.com/html/lana/assets/vendor/waypoints/lib/jquery.waypoints.min.js]
[preview.erilisdesign.com/html/lana/assets/vendor/jquery-smooth-scroll/jquery.smooth-scroll.min.js]
[preview.erilisdesign.com/html/lana/assets/vendor/jquery-validation/dist/jquery.validate.min.js]
[preview.erilisdesign.com/html/lana/assets/vendor/jquery-form/dist/jquery.form.min.js]
[preview.erilisdesign.com/html/lana/assets/vendor/magnific-popup/dist/jquery.magnific-popup.min.js]
[preview.erilisdesign.com/html/lana/assets/vendor/jQuery.countdown/dist/jquery.countdown.min.js]
[preview.erilisdesign.com/html/lana/assets/vendor/granim.js/dist/granim.min.js]
[preview.erilisdesign.com/html/lana/assets/vendor/slick/slick.min.js]
[preview.erilisdesign.com/html/lana/assets/vendor/vegas/vegas.min.js]
[preview.erilisdesign.com/html/lana/assets/js/main.js]
[preview.erilisdesign.com/html/lana/text-boxed-section-image-background.html]
[preview.erilisdesign.com/html/lana/assets/vendor/fullPage.js/dist/jquery.fullpage.min.css]
[preview.erilisdesign.com/html/lana/assets/vendor/slick/slick.min.css]
[preview.erilisdesign.com/html/lana/assets/vendor/vegas/overlays/02.png]
[preview.erilisdesign.com/html/lana/assets/vendor/vegas/vegas.min.css]
[preview.erilisdesign.com/html/lana/assets/vendor/magnific-popup/dist/magnific-popup.min.css]
[preview.erilisdesign.com/html/lana/assets/vendor/animate.css/animate.min.css]
[preview.erilisdesign.com/html/lana/assets/vendor/font-awesome/webfonts/fa-brands-400.eot]
[preview.erilisdesign.com/html/lana/assets/vendor/font-awesome/webfonts/fa-brands-400d41d.eot]
[preview.erilisdesign.com/html/lana/assets/vendor/font-awesome/webfonts/fa-brands-400.woff2]
[preview.erilisdesign.com/html/lana/assets/vendor/font-awesome/webfonts/fa-brands-400.woff]
[preview.erilisdesign.com/html/lana/assets/vendor/font-awesome/webfonts/fa-brands-400.ttf]
[preview.erilisdesign.com/html/lana/assets/vendor/font-awesome/webfonts/fa-regular-400.eot]
[preview.erilisdesign.com/html/lana/assets/vendor/font-awesome/webfonts/fa-regular-400d41d.eot]
[preview.erilisdesign.com/html/lana/assets/vendor/font-awesome/webfonts/fa-regular-400.woff2]
[preview.erilisdesign.com/html/lana/assets/vendor/font-awesome/webfonts/fa-regular-400.woff]
[preview.erilisdesign.com/html/lana/assets/vendor/font-awesome/webfonts/fa-regular-400.ttf]
[preview.erilisdesign.com/html/lana/assets/vendor/font-awesome/webfonts/fa-solid-900.eot]
[preview.erilisdesign.com/html/lana/assets/vendor/font-awesome/webfonts/fa-solid-900d41d.eot]
[preview.erilisdesign.com/html/lana/assets/vendor/font-awesome/webfonts/fa-solid-900.woff2]
[preview.erilisdesign.com/html/lana/assets/vendor/font-awesome/webfonts/fa-solid-900.woff]
[preview.erilisdesign.com/html/lana/assets/vendor/font-awesome/webfonts/fa-solid-900.ttf]
[preview.erilisdesign.com/html/lana/assets/vendor/font-awesome/css/all.min.css]
[preview.erilisdesign.com/html/lana/assets/vendor/themify-icons/fonts/themify9f24.eot]
[preview.erilisdesign.com/html/lana/assets/vendor/themify-icons/fonts/themifyd41d.eot]
[preview.erilisdesign.com/html/lana/assets/vendor/themify-icons/fonts/themify9f24.woff]
[preview.erilisdesign.com/html/lana/assets/vendor/themify-icons/fonts/themify9f24.ttf]
[preview.erilisdesign.com/html/lana/assets/vendor/themify-icons/css/themify-icons.css]
[preview.erilisdesign.com/html/lana/assets/css/theme.css]
[preview.erilisdesign.com/html/lana/assets/css/custom.css]
[preview.erilisdesign.com/html/lana/assets/vendor/font-awesome/webfonts/fa-brands-400.svg]
[preview.erilisdesign.com/html/lana/assets/vendor/font-awesome/webfonts/fa-regular-400.svg]
[preview.erilisdesign.com/html/lana/assets/vendor/font-awesome/webfonts/fa-solid-900.svg]
[preview.erilisdesign.com/html/lana/assets/vendor/themify-icons/fonts/themify9f24.svg]
